{"level":"INFO","message":"[10:37:42.669 PM]: Creating new connection object"}
{"level":"INFO","message":"[10:37:42.683 PM]: Creating Connection[id: b91c10ac-5fb9-49b4-a75b-9be8bf592453] with host: DQB29729.us-east-1.snowflakecomputing.com, account: DQB29729, accessUrl: https://DQB29729.us-east-1.snowflakecomputing.com, user: coleburton, role: coleburton, database: prod_tillfinancial_dwh, schema: undefined, warehouse: prod_tillfinancial_dwh, proxy was not configured, password is provided, region: us-east-1, authenticator: SNOWFLAKE, ocsp mode: FAIL_OPEN, os: darwin, os version: 24.6.0"}
{"level":"INFO","message":"[10:37:42.684 PM]: Connection[id: b91c10ac-5fb9-49b4-a75b-9be8bf592453] additional details: passcode in password is provided, passcode is not provided, private key is not provided, application: undefined, client name: snowflake-sdk, client version: 2.3.0, retry timeout: 300, private key path: undefined, private key pass is not provided, client store temporary credential: false, browser response timeout: 120000"}
{"level":"INFO","message":"[10:37:42.684 PM]: Connection[id: b91c10ac-5fb9-49b4-a75b-9be8bf592453] - connection object created successfully."}
{"level":"INFO","message":"[10:37:42.685 PM]: Connection[id: b91c10ac-5fb9-49b4-a75b-9be8bf592453] - connecting. Associated Snowflake domain: GLOBAL"}
{"level":"INFO","message":"[10:37:42.685 PM]: Connection[id: b91c10ac-5fb9-49b4-a75b-9be8bf592453] - authentication successful using: SNOWFLAKE"}
{"level":"INFO","message":"[10:37:42.686 PM]: Trying to initialize Easy Logging"}
{"level":"INFO","message":"[10:37:42.688 PM]: No client config detected."}
{"level":"INFO","message":"[10:37:42.688 PM]: No config file path found. Client config will not be used."}
{"level":"INFO","message":"[10:37:42.689 PM]: Easy Logging is disabled as no config has been found"}
{"level":"INFO","message":"[10:37:42.693 PM]: Connection[id: b91c10ac-5fb9-49b4-a75b-9be8bf592453] - connected successfully after 8.13 milliseconds"}
{"level":"INFO","message":"[10:43:01.614 PM]: Creating new connection object"}
{"level":"INFO","message":"[10:43:01.626 PM]: Creating Connection[id: 26ab6e62-3e2e-4fde-a039-e7f8ba710f80] with host: DQB29729.us-east-1.snowflakecomputing.com, account: DQB29729, accessUrl: https://DQB29729.us-east-1.snowflakecomputing.com, user: coleburton, role: coleburton, database: prod_tillfinancial_dwh, schema: undefined, warehouse: prod_tillfinancial_dwh, proxy was not configured, password is provided, region: us-east-1, authenticator: SNOWFLAKE, ocsp mode: FAIL_OPEN, os: darwin, os version: 24.6.0"}
{"level":"INFO","message":"[10:43:01.626 PM]: Connection[id: 26ab6e62-3e2e-4fde-a039-e7f8ba710f80] additional details: passcode in password is provided, passcode is not provided, private key is not provided, application: undefined, client name: snowflake-sdk, client version: 2.3.0, retry timeout: 300, private key path: undefined, private key pass is not provided, client store temporary credential: false, browser response timeout: 120000"}
{"level":"INFO","message":"[10:43:01.627 PM]: Connection[id: 26ab6e62-3e2e-4fde-a039-e7f8ba710f80] - connection object created successfully."}
{"level":"INFO","message":"[10:43:01.627 PM]: Connection[id: 26ab6e62-3e2e-4fde-a039-e7f8ba710f80] - connecting. Associated Snowflake domain: GLOBAL"}
{"level":"INFO","message":"[10:43:01.627 PM]: Connection[id: 26ab6e62-3e2e-4fde-a039-e7f8ba710f80] - authentication successful using: SNOWFLAKE"}
{"level":"INFO","message":"[10:43:01.627 PM]: Trying to initialize Easy Logging"}
{"level":"INFO","message":"[10:43:01.628 PM]: No client config detected."}
{"level":"INFO","message":"[10:43:01.629 PM]: No config file path found. Client config will not be used."}
{"level":"INFO","message":"[10:43:01.629 PM]: Easy Logging is disabled as no config has been found"}
{"level":"INFO","message":"[10:43:01.631 PM]: Connection[id: 26ab6e62-3e2e-4fde-a039-e7f8ba710f80] - connected successfully after 4.63 milliseconds"}
{"level":"INFO","message":"[10:46:28.353 PM]: Creating new connection object"}
{"level":"INFO","message":"[10:46:28.374 PM]: Creating Connection[id: ce9fa1c5-2976-402a-b86a-fef3b123f1ee] with host: DQB29729.us-east-1.snowflakecomputing.com, account: DQB29729, accessUrl: https://DQB29729.us-east-1.snowflakecomputing.com, user: coleburton, role: coleburton, database: prod_tillfinancial_dwh, schema: undefined, warehouse: prod_tillfinancial_dwh, proxy was not configured, password is provided, region: us-east-1, authenticator: SNOWFLAKE, ocsp mode: FAIL_OPEN, os: darwin, os version: 24.6.0"}
{"level":"INFO","message":"[10:46:28.374 PM]: Connection[id: ce9fa1c5-2976-402a-b86a-fef3b123f1ee] additional details: passcode in password is provided, passcode is not provided, private key is not provided, application: undefined, client name: snowflake-sdk, client version: 2.3.0, retry timeout: 300, private key path: undefined, private key pass is not provided, client store temporary credential: false, browser response timeout: 120000"}
{"level":"INFO","message":"[10:46:28.374 PM]: Connection[id: ce9fa1c5-2976-402a-b86a-fef3b123f1ee] - connection object created successfully."}
{"level":"INFO","message":"[10:46:28.375 PM]: Connection[id: ce9fa1c5-2976-402a-b86a-fef3b123f1ee] - connecting. Associated Snowflake domain: GLOBAL"}
{"level":"INFO","message":"[10:46:28.375 PM]: Connection[id: ce9fa1c5-2976-402a-b86a-fef3b123f1ee] - authentication successful using: SNOWFLAKE"}
{"level":"INFO","message":"[10:46:28.376 PM]: Trying to initialize Easy Logging"}
{"level":"INFO","message":"[10:46:28.381 PM]: No client config detected."}
{"level":"INFO","message":"[10:46:28.381 PM]: No config file path found. Client config will not be used."}
{"level":"INFO","message":"[10:46:28.381 PM]: Easy Logging is disabled as no config has been found"}
{"level":"INFO","message":"[10:46:28.384 PM]: Connection[id: ce9fa1c5-2976-402a-b86a-fef3b123f1ee] - connected successfully after 9.53 milliseconds"}
{"level":"INFO","message":"[10:52:10.416 PM]: Creating new connection object"}
{"level":"INFO","message":"[10:52:10.429 PM]: Creating Connection[id: 46dc23a5-2155-48c5-bd9d-1ff9a146b427] with host: DQB29729.us-east-1.snowflakecomputing.com, account: DQB29729, accessUrl: https://DQB29729.us-east-1.snowflakecomputing.com, user: coleburton, role: coleburton, database: prod_tillfinancial_dwh, schema: undefined, warehouse: prod_tillfinancial_dwh, proxy was not configured, password is provided, region: us-east-1, authenticator: SNOWFLAKE, ocsp mode: FAIL_OPEN, os: darwin, os version: 24.6.0"}
{"level":"INFO","message":"[10:52:10.430 PM]: Connection[id: 46dc23a5-2155-48c5-bd9d-1ff9a146b427] additional details: passcode in password is provided, passcode is not provided, private key is not provided, application: undefined, client name: snowflake-sdk, client version: 2.3.0, retry timeout: 300, private key path: undefined, private key pass is not provided, client store temporary credential: false, browser response timeout: 120000"}
{"level":"INFO","message":"[10:52:10.430 PM]: Connection[id: 46dc23a5-2155-48c5-bd9d-1ff9a146b427] - connection object created successfully."}
{"level":"INFO","message":"[10:52:10.431 PM]: Connection[id: 46dc23a5-2155-48c5-bd9d-1ff9a146b427] - connecting. Associated Snowflake domain: GLOBAL"}
{"level":"INFO","message":"[10:52:10.431 PM]: Connection[id: 46dc23a5-2155-48c5-bd9d-1ff9a146b427] - authentication successful using: SNOWFLAKE"}
{"level":"INFO","message":"[10:52:10.431 PM]: Trying to initialize Easy Logging"}
{"level":"INFO","message":"[10:52:10.433 PM]: No client config detected."}
{"level":"INFO","message":"[10:52:10.433 PM]: No config file path found. Client config will not be used."}
{"level":"INFO","message":"[10:52:10.433 PM]: Easy Logging is disabled as no config has been found"}
{"level":"INFO","message":"[10:52:10.435 PM]: Connection[id: 46dc23a5-2155-48c5-bd9d-1ff9a146b427] - connected successfully after 4.84 milliseconds"}
{"level":"INFO","message":"[12:19:33.915 AM]: Creating new connection object"}
{"level":"INFO","message":"[12:19:33.938 AM]: Creating Connection[id: c659d866-a4fe-445c-b9af-45ce31aa92a5] with host: DQB29729.us-east-1.snowflakecomputing.com, account: DQB29729, accessUrl: https://DQB29729.us-east-1.snowflakecomputing.com, user: coleburton, role: coleburton, database: prod_tillfinancial_dwh, schema: undefined, warehouse: prod_tillfinancial_dwh, proxy was not configured, password is provided, region: us-east-1, authenticator: SNOWFLAKE, ocsp mode: FAIL_OPEN, os: darwin, os version: 24.6.0"}
{"level":"INFO","message":"[12:19:33.938 AM]: Connection[id: c659d866-a4fe-445c-b9af-45ce31aa92a5] additional details: passcode in password is provided, passcode is not provided, private key is not provided, application: undefined, client name: snowflake-sdk, client version: 2.3.0, retry timeout: 300, private key path: undefined, private key pass is not provided, client store temporary credential: false, browser response timeout: 120000"}
{"level":"INFO","message":"[12:19:33.938 AM]: Connection[id: c659d866-a4fe-445c-b9af-45ce31aa92a5] - connection object created successfully."}
{"level":"INFO","message":"[12:19:33.939 AM]: Connection[id: c659d866-a4fe-445c-b9af-45ce31aa92a5] - connecting. Associated Snowflake domain: GLOBAL"}
{"level":"INFO","message":"[12:19:33.939 AM]: Connection[id: c659d866-a4fe-445c-b9af-45ce31aa92a5] - authentication successful using: SNOWFLAKE"}
{"level":"INFO","message":"[12:19:33.939 AM]: Trying to initialize Easy Logging"}
{"level":"INFO","message":"[12:19:33.942 AM]: No client config detected."}
{"level":"INFO","message":"[12:19:33.942 AM]: No config file path found. Client config will not be used."}
{"level":"INFO","message":"[12:19:33.944 AM]: Easy Logging is disabled as no config has been found"}
{"level":"INFO","message":"[12:19:33.948 AM]: Connection[id: c659d866-a4fe-445c-b9af-45ce31aa92a5] - connected successfully after 8.99 milliseconds"}
